<?xml version="1.0" encoding="UTF-8"?>
<!-- Generated by org.testng.reporters.JUnitXMLReporter -->
<testsuite ignored="0" hostname="User" failures="0" tests="4" name="Surefire test" time="0.038" errors="0" timestamp="10 Apr 2021 04:15:31 GMT">
  <testcase classname="QAClickAcademy.MobileAutomationTest" name="MobileAutomation1" time="0.007"/>
  <testcase classname="QAClickAcademy.MobileAutomationTest" name="element" time="0.001"/>
  <testcase classname="QAClickAcademy.restAPITest" name="restAPI1" time="0.001"/>
  <testcase classname="QAClickAcademy.WebAutomationTest" name="WebAutomation1" time="0.001"/>
</testsuite> <!-- Surefire test -->
