<?xml version="1.0" encoding="UTF-8"?>
<!-- Generated by org.testng.reporters.JUnitXMLReporter -->
<testsuite ignored="1" hostname="User" failures="0" tests="1" name="Default test" time="0.067" errors="0" timestamp="2021-04-13T08:30:30 IST">
  <testcase classname="QAClickAcademy.MobileAutomationTest" name="element" time="0.013"/>
  <testcase classname="QAClickAcademy.MobileAutomationTest" name="MobileAutomation1" time="0.0">
    <ignored/>
  </testcase> <!-- MobileAutomation1 -->
</testsuite> <!-- Default test -->
