<?xml version="1.0" encoding="UTF-8"?>
<!-- Generated by org.testng.reporters.JUnitXMLReporter -->
<testsuite ignored="1" hostname="User" failures="0" tests="3" name="Test" time="0.05" errors="0" timestamp="10 Apr 2021 05:02:26 GMT">
  <testcase classname="QAClickAcademy.WebAutomationTest" name="WebAutomation1" time="0.009"/>
  <testcase classname="QAClickAcademy.restAPITest" name="restAPI1" time="0.001"/>
  <testcase classname="QAClickAcademy.MobileAutomationTest" name="MobileAutomation1" time="0.0"/>
  <testcase classname="QAClickAcademy.MobileAutomationTest" name="element" time="0.0">
    <ignored/>
  </testcase> <!-- element -->
</testsuite> <!-- Test -->
