<?xml version="1.0" encoding="UTF-8"?>
<testng-results ignored="1" total="4" passed="3" failed="0" skipped="0">
  <reporter-output>
  </reporter-output>
  <suite started-at="2021-04-10T05:02:26Z" name="Suite" finished-at="2021-04-10T05:02:26Z" duration-ms="50">
    <groups>
    </groups>
    <test started-at="2021-04-10T05:02:26Z" name="Test" finished-at="2021-04-10T05:02:26Z" duration-ms="50">
      <class name="QAClickAcademy.restAPITest">
        <test-method signature="restAPI1()[pri:0, instance:QAClickAcademy.restAPITest@6fd83fc1]" started-at="2021-04-10T05:02:26Z" name="restAPI1" finished-at="2021-04-10T05:02:26Z" duration-ms="1" status="PASS">
          <reporter-output>
          </reporter-output>
        </test-method> <!-- restAPI1 -->
      </class> <!-- QAClickAcademy.restAPITest -->
      <class name="QAClickAcademy.MobileAutomationTest">
        <test-method signature="MobileAutomation1()[pri:0, instance:QAClickAcademy.MobileAutomationTest@4f2b503c]" started-at="2021-04-10T05:02:26Z" name="MobileAutomation1" finished-at="2021-04-10T05:02:26Z" duration-ms="0" status="PASS">
          <reporter-output>
          </reporter-output>
        </test-method> <!-- MobileAutomation1 -->
      </class> <!-- QAClickAcademy.MobileAutomationTest -->
      <class name="QAClickAcademy.WebAutomationTest">
        <test-method signature="WebAutomation1()[pri:0, instance:QAClickAcademy.WebAutomationTest@52af26ee]" started-at="2021-04-10T05:02:26Z" name="WebAutomation1" finished-at="2021-04-10T05:02:26Z" duration-ms="9" status="PASS">
          <reporter-output>
          </reporter-output>
        </test-method> <!-- WebAutomation1 -->
      </class> <!-- QAClickAcademy.WebAutomationTest -->
    </test> <!-- Test -->
  </suite> <!-- Suite -->
</testng-results>
