<?xml version="1.0" encoding="UTF-8"?>
<testng-results ignored="1" total="2" passed="1" failed="0" skipped="0">
  <reporter-output>
  </reporter-output>
  <suite started-at="2021-04-13T08:30:30 IST" name="Default suite" finished-at="2021-04-13T08:30:30 IST" duration-ms="67">
    <groups>
    </groups>
    <test started-at="2021-04-13T08:30:30 IST" name="Default test" finished-at="2021-04-13T08:30:30 IST" duration-ms="67">
      <class name="QAClickAcademy.MobileAutomationTest">
        <test-method signature="element()[pri:0, instance:QAClickAcademy.MobileAutomationTest@65b3f4a4]" started-at="2021-04-13T08:30:30 IST" name="element" finished-at="2021-04-13T08:30:30 IST" duration-ms="13" status="PASS">
          <reporter-output>
          </reporter-output>
        </test-method> <!-- element -->
      </class> <!-- QAClickAcademy.MobileAutomationTest -->
    </test> <!-- Default test -->
  </suite> <!-- Default suite -->
</testng-results>
